This file contains any messages produced by compilers while
running configure, to aid debugging if configure makes a mistake.

It was created by configure, which was
generated by GNU Autoconf 2.61.  Invocation command line was

  $ ./configure 

## --------- ##
## Platform. ##
## --------- ##

hostname = robert-sandilandss-mac-pro.local
uname -m = i386
uname -r = 9.5.0
uname -s = Darwin
uname -v = Darwin Kernel Version 9.5.0: Wed Sep  3 11:29:43 PDT 2008; root:xnu-1228.7.58~1/RELEASE_I386

/usr/bin/uname -p = i386
/bin/uname -X     = unknown

/bin/arch              = unknown
/usr/bin/arch -k       = unknown
/usr/convex/getsysinfo = unknown
/usr/bin/hostinfo      = Mach kernel version:
	 Darwin Kernel Version 9.5.0: Wed Sep  3 11:29:43 PDT 2008; root:xnu-1228.7.58~1/RELEASE_I386
Kernel configured for up to 8 processors.
8 processors are physically available.
8 processors are logically available.
Processor type: i486 (Intel 80486)
Processors active: 0 1 2 3 4 5 6 7
Primary memory available: 10.00 gigabytes
Default processor set: 73 tasks, 297 threads, 8 processors
Load average: 0.36, Mach factor: 7.63
/bin/machine           = unknown
/usr/bin/oslevel       = unknown
/bin/universe          = unknown

PATH: /usr/bin
PATH: /bin
PATH: /usr/sbin
PATH: /sbin
PATH: /usr/local/bin
PATH: /usr/X11/bin
PATH: /opt/local/bin
PATH: /opt/local/sbin


## ----------- ##
## Core tests. ##
## ----------- ##

configure:1758: checking for gcc
configure:1774: found /usr/bin/gcc
configure:1785: result: gcc
configure:2023: checking for C compiler version
configure:2030: gcc --version >&5
i686-apple-darwin9-gcc-4.0.1 (GCC) 4.0.1 (Apple Inc. build 5465)
Copyright (C) 2005 Free Software Foundation, Inc.
This is free software; see the source for copying conditions.  There is NO
warranty; not even for MERCHANTABILITY or FITNESS FOR A PARTICULAR PURPOSE.

configure:2033: $? = 0
configure:2040: gcc -v >&5
Using built-in specs.
Target: i686-apple-darwin9
Configured with: /var/tmp/gcc/gcc-5465~16/src/configure --disable-checking -enable-werror --prefix=/usr --mandir=/share/man --enable-languages=c,objc,c++,obj-c++ --program-transform-name=/^[cg][^.-]*$/s/$/-4.0/ --with-gxx-include-dir=/include/c++/4.0.0 --with-slibdir=/usr/lib --build=i686-apple-darwin9 --with-arch=apple --with-tune=generic --host=i686-apple-darwin9 --target=i686-apple-darwin9
Thread model: posix
gcc version 4.0.1 (Apple Inc. build 5465)
configure:2043: $? = 0
configure:2050: gcc -V >&5
gcc-4.0: argument to `-V' is missing
configure:2053: $? = 1
configure:2076: checking for C compiler default output file name
configure:2103: gcc    conftest.c  >&5
configure:2106: $? = 0
configure:2144: result: a.out
configure:2161: checking whether the C compiler works
configure:2171: ./a.out
configure:2174: $? = 0
configure:2191: result: yes
configure:2198: checking whether we are cross compiling
configure:2200: result: no
configure:2203: checking for suffix of executables
configure:2210: gcc -o conftest    conftest.c  >&5
configure:2213: $? = 0
configure:2237: result: 
configure:2243: checking for suffix of object files
configure:2269: gcc -c   conftest.c >&5
configure:2272: $? = 0
configure:2295: result: o
configure:2299: checking whether we are using the GNU C compiler
configure:2328: gcc -c   conftest.c >&5
configure:2334: $? = 0
configure:2351: result: yes
configure:2356: checking whether gcc accepts -g
configure:2386: gcc -c -g  conftest.c >&5
configure:2392: $? = 0
configure:2491: result: yes
configure:2508: checking for gcc option to accept ISO C89
configure:2582: gcc  -c -g -O2  conftest.c >&5
configure:2588: $? = 0
configure:2611: result: none needed
configure:2687: checking for g++
configure:2703: found /usr/bin/g++
configure:2714: result: g++
configure:2745: checking for C++ compiler version
configure:2752: g++ --version >&5
i686-apple-darwin9-g++-4.0.1 (GCC) 4.0.1 (Apple Inc. build 5465)
Copyright (C) 2005 Free Software Foundation, Inc.
This is free software; see the source for copying conditions.  There is NO
warranty; not even for MERCHANTABILITY or FITNESS FOR A PARTICULAR PURPOSE.

configure:2755: $? = 0
configure:2762: g++ -v >&5
Using built-in specs.
Target: i686-apple-darwin9
Configured with: /var/tmp/gcc/gcc-5465~16/src/configure --disable-checking -enable-werror --prefix=/usr --mandir=/share/man --enable-languages=c,objc,c++,obj-c++ --program-transform-name=/^[cg][^.-]*$/s/$/-4.0/ --with-gxx-include-dir=/include/c++/4.0.0 --with-slibdir=/usr/lib --build=i686-apple-darwin9 --with-arch=apple --with-tune=generic --host=i686-apple-darwin9 --target=i686-apple-darwin9
Thread model: posix
gcc version 4.0.1 (Apple Inc. build 5465)
configure:2765: $? = 0
configure:2772: g++ -V >&5
g++-4.0: argument to `-V' is missing
configure:2775: $? = 1
configure:2778: checking whether we are using the GNU C++ compiler
configure:2807: g++ -c   conftest.cpp >&5
configure:2813: $? = 0
configure:2830: result: yes
configure:2835: checking whether g++ accepts -g
configure:2865: g++ -c -g  conftest.cpp >&5
configure:2871: $? = 0
configure:2970: result: yes
configure:3037: checking for a BSD-compatible install
configure:3093: result: /usr/bin/install -c
configure:3105: checking for library containing strerror
configure:3146: g++ -o conftest -g -O2   conftest.cpp  >&5
configure:3152: $? = 0
configure:3180: result: none required
configure:3193: checking how to run the C++ preprocessor
configure:3229: g++ -E  conftest.cpp
configure:3235: $? = 0
configure:3266: g++ -E  conftest.cpp
conftest.cpp:8:28: error: ac_nonexistent.h: No such file or directory
configure:3272: $? = 1
configure: failed program was:
| /* confdefs.h.  */
| #define PACKAGE_NAME ""
| #define PACKAGE_TARNAME ""
| #define PACKAGE_VERSION ""
| #define PACKAGE_STRING ""
| #define PACKAGE_BUGREPORT ""
| /* end confdefs.h.  */
| #include <ac_nonexistent.h>
configure:3305: result: g++ -E
configure:3334: g++ -E  conftest.cpp
configure:3340: $? = 0
configure:3371: g++ -E  conftest.cpp
conftest.cpp:8:28: error: ac_nonexistent.h: No such file or directory
configure:3377: $? = 1
configure: failed program was:
| /* confdefs.h.  */
| #define PACKAGE_NAME ""
| #define PACKAGE_TARNAME ""
| #define PACKAGE_VERSION ""
| #define PACKAGE_STRING ""
| #define PACKAGE_BUGREPORT ""
| /* end confdefs.h.  */
| #include <ac_nonexistent.h>
configure:3415: checking for grep that handles long lines and -e
configure:3489: result: /usr/bin/grep
configure:3494: checking for egrep
configure:3572: result: /usr/bin/grep -E
configure:3577: checking for ANSI C header files
configure:3607: g++ -c -g -O2  conftest.cpp >&5
configure:3613: $? = 0
configure:3712: g++ -o conftest -g -O2   conftest.cpp  >&5
configure:3715: $? = 0
configure:3721: ./conftest
configure:3724: $? = 0
configure:3741: result: yes
configure:3765: checking for sys/types.h
configure:3786: g++ -c -g -O2  conftest.cpp >&5
configure:3792: $? = 0
configure:3808: result: yes
configure:3765: checking for sys/stat.h
configure:3786: g++ -c -g -O2  conftest.cpp >&5
configure:3792: $? = 0
configure:3808: result: yes
configure:3765: checking for stdlib.h
configure:3786: g++ -c -g -O2  conftest.cpp >&5
configure:3792: $? = 0
configure:3808: result: yes
configure:3765: checking for string.h
configure:3786: g++ -c -g -O2  conftest.cpp >&5
configure:3792: $? = 0
configure:3808: result: yes
configure:3765: checking for memory.h
configure:3786: g++ -c -g -O2  conftest.cpp >&5
configure:3792: $? = 0
configure:3808: result: yes
configure:3765: checking for strings.h
configure:3786: g++ -c -g -O2  conftest.cpp >&5
configure:3792: $? = 0
configure:3808: result: yes
configure:3765: checking for inttypes.h
configure:3786: g++ -c -g -O2  conftest.cpp >&5
configure:3792: $? = 0
configure:3808: result: yes
configure:3765: checking for stdint.h
configure:3786: g++ -c -g -O2  conftest.cpp >&5
configure:3792: $? = 0
configure:3808: result: yes
configure:3765: checking for unistd.h
configure:3786: g++ -c -g -O2  conftest.cpp >&5
configure:3792: $? = 0
configure:3808: result: yes
configure:3835: checking map usability
configure:3852: g++ -c -g -O2  conftest.cpp >&5
configure:3858: $? = 0
configure:3872: result: yes
configure:3876: checking map presence
configure:3891: g++ -E  conftest.cpp
configure:3897: $? = 0
configure:3911: result: yes
configure:3939: checking for map
configure:3947: result: yes
configure:3979: checking iostream usability
configure:3996: g++ -c -g -O2  conftest.cpp >&5
configure:4002: $? = 0
configure:4016: result: yes
configure:4020: checking iostream presence
configure:4035: g++ -E  conftest.cpp
configure:4041: $? = 0
configure:4055: result: yes
configure:4083: checking for iostream
configure:4091: result: yes
configure:4123: checking iosfwd usability
configure:4140: g++ -c -g -O2  conftest.cpp >&5
configure:4146: $? = 0
configure:4160: result: yes
configure:4164: checking iosfwd presence
configure:4179: g++ -E  conftest.cpp
configure:4185: $? = 0
configure:4199: result: yes
configure:4227: checking for iosfwd
configure:4235: result: yes
configure:4267: checking fstream usability
configure:4284: g++ -c -g -O2  conftest.cpp >&5
configure:4290: $? = 0
configure:4304: result: yes
configure:4308: checking fstream presence
configure:4323: g++ -E  conftest.cpp
configure:4329: $? = 0
configure:4343: result: yes
configure:4371: checking for fstream
configure:4379: result: yes
configure:4411: checking string usability
configure:4428: g++ -c -g -O2  conftest.cpp >&5
configure:4434: $? = 0
configure:4448: result: yes
configure:4452: checking string presence
configure:4467: g++ -E  conftest.cpp
configure:4473: $? = 0
configure:4487: result: yes
configure:4515: checking for string
configure:4523: result: yes
configure:4555: checking vector usability
configure:4572: g++ -c -g -O2  conftest.cpp >&5
configure:4578: $? = 0
configure:4592: result: yes
configure:4596: checking vector presence
configure:4611: g++ -E  conftest.cpp
configure:4617: $? = 0
configure:4631: result: yes
configure:4659: checking for vector
configure:4667: result: yes
configure:4699: checking search.h usability
configure:4716: g++ -c -g -O2  conftest.cpp >&5
configure:4722: $? = 0
configure:4736: result: yes
configure:4740: checking search.h presence
configure:4755: g++ -E  conftest.cpp
configure:4761: $? = 0
configure:4775: result: yes
configure:4803: checking for search.h
configure:4811: result: yes
configure:4843: checking assert.h usability
configure:4860: g++ -c -g -O2  conftest.cpp >&5
configure:4866: $? = 0
configure:4880: result: yes
configure:4884: checking assert.h presence
configure:4899: g++ -E  conftest.cpp
configure:4905: $? = 0
configure:4919: result: yes
configure:4947: checking for assert.h
configure:4955: result: yes
configure:4987: checking time.h usability
configure:5004: g++ -c -g -O2  conftest.cpp >&5
configure:5010: $? = 0
configure:5024: result: yes
configure:5028: checking time.h presence
configure:5043: g++ -E  conftest.cpp
configure:5049: $? = 0
configure:5063: result: yes
configure:5091: checking for time.h
configure:5099: result: yes
configure:5131: checking cstdlib usability
configure:5148: g++ -c -g -O2  conftest.cpp >&5
configure:5154: $? = 0
configure:5168: result: yes
configure:5172: checking cstdlib presence
configure:5187: g++ -E  conftest.cpp
configure:5193: $? = 0
configure:5207: result: yes
configure:5235: checking for cstdlib
configure:5243: result: yes
configure:5275: checking algorithm usability
configure:5292: g++ -c -g -O2  conftest.cpp >&5
configure:5298: $? = 0
configure:5312: result: yes
configure:5316: checking algorithm presence
configure:5331: g++ -E  conftest.cpp
configure:5337: $? = 0
configure:5351: result: yes
configure:5379: checking for algorithm
configure:5387: result: yes
configure:5412: checking for fastdep
configure:5445: result: no
configure:5452: error: You need fastdep in the path to be able to build this project 

## ---------------- ##
## Cache variables. ##
## ---------------- ##

ac_cv_c_compiler_gnu=yes
ac_cv_cxx_compiler_gnu=yes
ac_cv_env_CCC_set=
ac_cv_env_CCC_value=
ac_cv_env_CC_set=
ac_cv_env_CC_value=
ac_cv_env_CFLAGS_set=
ac_cv_env_CFLAGS_value=
ac_cv_env_CPPFLAGS_set=
ac_cv_env_CPPFLAGS_value=
ac_cv_env_CXXCPP_set=
ac_cv_env_CXXCPP_value=
ac_cv_env_CXXFLAGS_set=
ac_cv_env_CXXFLAGS_value=
ac_cv_env_CXX_set=
ac_cv_env_CXX_value=
ac_cv_env_LDFLAGS_set=
ac_cv_env_LDFLAGS_value=
ac_cv_env_LIBS_set=
ac_cv_env_LIBS_value=
ac_cv_env_build_alias_set=
ac_cv_env_build_alias_value=
ac_cv_env_host_alias_set=
ac_cv_env_host_alias_value=
ac_cv_env_target_alias_set=
ac_cv_env_target_alias_value=
ac_cv_header_algorithm=yes
ac_cv_header_assert_h=yes
ac_cv_header_cstdlib=yes
ac_cv_header_fstream=yes
ac_cv_header_inttypes_h=yes
ac_cv_header_iosfwd=yes
ac_cv_header_iostream=yes
ac_cv_header_map=yes
ac_cv_header_memory_h=yes
ac_cv_header_search_h=yes
ac_cv_header_stdc=yes
ac_cv_header_stdint_h=yes
ac_cv_header_stdlib_h=yes
ac_cv_header_string=yes
ac_cv_header_string_h=yes
ac_cv_header_strings_h=yes
ac_cv_header_sys_stat_h=yes
ac_cv_header_sys_types_h=yes
ac_cv_header_time_h=yes
ac_cv_header_unistd_h=yes
ac_cv_header_vector=yes
ac_cv_objext=o
ac_cv_path_EGREP='/usr/bin/grep -E'
ac_cv_path_GREP=/usr/bin/grep
ac_cv_path_install='/usr/bin/install -c'
ac_cv_prog_CXXCPP='g++ -E'
ac_cv_prog_ac_ct_CC=gcc
ac_cv_prog_ac_ct_CXX=g++
ac_cv_prog_cc_c89=
ac_cv_prog_cc_g=yes
ac_cv_prog_cxx_g=yes
ac_cv_search_strerror='none required'

## ----------------- ##
## Output variables. ##
## ----------------- ##

CC='gcc'
CFLAGS='-g -O2'
CPPFLAGS='-g -O3 -fstrength-reduce -frerun-loop-opt -fexpensive-optimizations -funroll-loops -Wall -Wdisabled-optimization -finline-functions -ffast-math'
CXX='g++'
CXXCPP='g++ -E'
CXXFLAGS='-g -O2'
DEFS=''
ECHO_C='ECHO_N=''
ECHO_T=''
EGREP='/usr/bin/grep -E'
EXEEXT=''
FASTDEP=''
GREP='/usr/bin/grep'
INSTALL_DATA='${INSTALL} -m 644'
INSTALL_PROGRAM='${INSTALL}'
INSTALL_SCRIPT='${INSTALL}'
LDFLAGS=''
LIBOBJS=''
LIBS=''
LTLIBOBJS=''
OBJEXT='o'
PACKAGE_BUGREPORT=''
PACKAGE_NAME=''
PACKAGE_STRING=''
PACKAGE_TARNAME=''
PACKAGE_VERSION=''
PATH_SEPARATOR=':'
PROJECTNAME='scriptid'
SHELL='/bin/sh'
VERSION='0.0.3'
ac_ct_CC='gcc'
ac_ct_CXX='g++'
bindir='${exec_prefix}/bin'
build_alias=''
datadir='${datarootdir}'
datarootdir='${prefix}/share'
docdir='${datarootdir}/doc/${PACKAGE}'
dvidir='${docdir}'
exec_prefix='NONE'
host_alias=''
htmldir='${docdir}'
includedir='${prefix}/include'
infodir='${datarootdir}/info'
libdir='${exec_prefix}/lib'
libexecdir='${exec_prefix}/libexec'
localedir='${datarootdir}/locale'
localstatedir='${prefix}/var'
makefilelist='Makefile identifier/Makefile nn/Makefile data/Makefile scriptid.spec scriptid-nnw.spec.sed version.h'
mandir='${datarootdir}/man'
oldincludedir='/usr/include'
pdfdir='${docdir}'
prefix='NONE'
program_transform_name='s,x,x,'
psdir='${docdir}'
sbindir='${exec_prefix}/sbin'
sharedstatedir='${prefix}/com'
sysconfdir='${prefix}/etc'
target_alias=''

## ----------- ##
## confdefs.h. ##
## ----------- ##

#define PACKAGE_NAME ""
#define PACKAGE_TARNAME ""
#define PACKAGE_VERSION ""
#define PACKAGE_STRING ""
#define PACKAGE_BUGREPORT ""
#define STDC_HEADERS 1
#define HAVE_SYS_TYPES_H 1
#define HAVE_SYS_STAT_H 1
#define HAVE_STDLIB_H 1
#define HAVE_STRING_H 1
#define HAVE_MEMORY_H 1
#define HAVE_STRINGS_H 1
#define HAVE_INTTYPES_H 1
#define HAVE_STDINT_H 1
#define HAVE_UNISTD_H 1
#define HAVE_MAP 1
#define HAVE_IOSTREAM 1
#define HAVE_IOSFWD 1
#define HAVE_FSTREAM 1
#define HAVE_STRING 1
#define HAVE_VECTOR 1
#define HAVE_SEARCH_H 1
#define HAVE_ASSERT_H 1
#define HAVE_TIME_H 1
#define HAVE_CSTDLIB 1
#define HAVE_ALGORITHM 1

configure: exit 1
